# JRE version: OpenJDK Runtime Environment (8.0_112-b06) (build 1.8.0_112-release-b06)
# Java VM: OpenJDK 64-Bit Server VM (25.112-b06 mixed mode bsd-amd64 compressed oops)
Heap:
 par new generation   total 78656K, used 33707K [0x0000000770000000, 0x0000000775550000, 0x0000000784cc0000)
  eden space 69952K,  42% used [0x0000000770000000, 0x0000000771cc4578, 0x0000000774450000)
  from space 8704K,  48% used [0x0000000774450000, 0x0000000774876840, 0x0000000774cd0000)
  to   space 8704K,   0% used [0x0000000774cd0000, 0x0000000774cd0000, 0x0000000775550000)
 concurrent mark-sweep generation total 496052K, used 274356K [0x0000000784cc0000, 0x00000007a312d000, 0x00000007c0000000)
 Metaspace       used 200709K, capacity 210342K, committed 210908K, reserved 1232896K
  class space    used 25874K, capacity 27769K, committed 27908K, reserved 1048576K
GC Heap History (10 events):
Event: 8290.557 GC heap before
{Heap before GC invocations=503 (full 13):
 par new generation   total 78656K, used 74350K [0x0000000770000000, 0x0000000775550000, 0x0000000784cc0000)
  eden space 69952K, 100% used [0x0000000770000000, 0x0000000774450000, 0x0000000774450000)
  from space 8704K,  50% used [0x0000000774cd0000, 0x000000077511bb78, 0x0000000775550000)
  to   space 8704K,   0% used [0x0000000774450000, 0x0000000774450000, 0x0000000774cd0000)
 concurrent mark-sweep generation total 496052K, used 258207K [0x0000000784cc0000, 0x00000007a312d000, 0x00000007c0000000)
 Metaspace       used 200628K, capacity 210254K, committed 210652K, reserved 1232896K
  class space    used 25873K, capacity 27767K, committed 27908K, reserved 1048576K
Event: 8290.628 GC heap after
Heap after GC invocations=504 (full 13):
 par new generation   total 78656K, used 8704K [0x0000000770000000, 0x0000000775550000, 0x0000000784cc0000)
  eden space 69952K,   0% used [0x0000000770000000, 0x0000000770000000, 0x0000000774450000)
  from space 8704K, 100% used [0x0000000774450000, 0x0000000774cd0000, 0x0000000774cd0000)
  to   space 8704K,   0% used [0x0000000774cd0000, 0x0000000774cd0000, 0x0000000775550000)
 concurrent mark-sweep generation total 496052K, used 265912K [0x0000000784cc0000, 0x00000007a312d000, 0x00000007c0000000)
 Metaspace       used 200628K, capacity 210254K, committed 210652K, reserved 1232896K
  class space    used 25873K, capacity 27767K, committed 27908K, reserved 1048576K
}
Event: 8293.836 GC heap before
{Heap before GC invocations=504 (full 13):
 par new generation   total 78656K, used 78652K [0x0000000770000000, 0x0000000775550000, 0x0000000784cc0000)
  eden space 69952K,  99% used [0x0000000770000000, 0x000000077444f268, 0x0000000774450000)
  from space 8704K, 100% used [0x0000000774450000, 0x0000000774cd0000, 0x0000000774cd0000)
  to   space 8704K,   0% used [0x0000000774cd0000, 0x0000000774cd0000, 0x0000000775550000)
 concurrent mark-sweep generation total 496052K, used 265912K [0x0000000784cc0000, 0x00000007a312d000, 0x00000007c0000000)
 Metaspace       used 200649K, capacity 210262K, committed 210652K, reserved 1232896K
  class space    used 25873K, capacity 27767K, committed 27908K, reserved 1048576K
Event: 8293.885 GC heap after
Heap after GC invocations=505 (full 13):
 par new generation   total 78656K, used 7239K [0x0000000770000000, 0x0000000775550000, 0x0000000784cc0000)
  eden space 69952K,   0% used [0x0000000770000000, 0x0000000770000000, 0x0000000774450000)
  from space 8704K,  83% used [0x0000000774cd0000, 0x00000007753e1fd8, 0x0000000775550000)
  to   space 8704K,   0% used [0x0000000774450000, 0x0000000774450000, 0x0000000774cd0000)
 concurrent mark-sweep generation total 496052K, used 274356K [0x0000000784cc0000, 0x00000007a312d000, 0x00000007c0000000)
 Metaspace       used 200649K, capacity 210262K, committed 210652K, reserved 1232896K
  class space    used 25873K, capacity 27767K, committed 27908K, reserved 1048576K
}
Event: 8365.472 GC heap before
{Heap before GC invocations=505 (full 13):
 par new generation   total 78656K, used 77191K [0x0000000770000000, 0x0000000775550000, 0x0000000784cc0000)
  eden space 69952K, 100% used [0x0000000770000000, 0x0000000774450000, 0x0000000774450000)
  from space 8704K,  83% used [0x0000000774cd0000, 0x00000007753e1fd8, 0x0000000775550000)
  to   space 8704K,   0% used [0x0000000774450000, 0x0000000774450000, 0x0000000774cd0000)
 concurrent mark-sweep generation total 496052K, used 274356K [0x0000000784cc0000, 0x00000007a312d000, 0x00000007c0000000)
 Metaspace       used 200661K, capacity 210272K, committed 210652K, reserved 1232896K
  class space    used 25873K, capacity 27768K, committed 27908K, reserved 1048576K
Event: 8365.485 GC heap after
Heap after GC invocations=506 (full 13):
 par new generation   total 78656K, used 4567K [0x0000000770000000, 0x0000000775550000, 0x0000000784cc0000)
  eden space 69952K,   0% used [0x0000000770000000, 0x0000000770000000, 0x0000000774450000)
  from space 8704K,  52% used [0x0000000774450000, 0x00000007748c5f88, 0x0000000774cd0000)
  to   space 8704K,   0% used [0x0000000774cd0000, 0x0000000774cd0000, 0x0000000775550000)
 concurrent mark-sweep generation total 496052K, used 274356K [0x0000000784cc0000, 0x00000007a312d000, 0x00000007c0000000)
 Metaspace       used 200661K, capacity 210272K, committed 210652K, reserved 1232896K
  class space    used 25873K, capacity 27768K, committed 27908K, reserved 1048576K
}
Event: 8669.793 GC heap before
{Heap before GC invocations=506 (full 13):
 par new generation   total 78656K, used 74519K [0x0000000770000000, 0x0000000775550000, 0x0000000784cc0000)
  eden space 69952K, 100% used [0x0000000770000000, 0x0000000774450000, 0x0000000774450000)
  from space 8704K,  52% used [0x0000000774450000, 0x00000007748c5f88, 0x0000000774cd0000)
  to   space 8704K,   0% used [0x0000000774cd0000, 0x0000000774cd0000, 0x0000000775550000)
 concurrent mark-sweep generation total 496052K, used 274356K [0x0000000784cc0000, 0x00000007a312d000, 0x00000007c0000000)
 Metaspace       used 200709K, capacity 210342K, committed 210908K, reserved 1232896K
  class space    used 25874K, capacity 27769K, committed 27908K, reserved 1048576K
Event: 8669.803 GC heap after
Heap after GC invocations=507 (full 13):
 par new generation   total 78656K, used 4656K [0x0000000770000000, 0x0000000775550000, 0x0000000784cc0000)
  eden space 69952K,   0% used [0x0000000770000000, 0x0000000770000000, 0x0000000774450000)
  from space 8704K,  53% used [0x0000000774cd0000, 0x000000077515c2f0, 0x0000000775550000)
  to   space 8704K,   0% used [0x0000000774450000, 0x0000000774450000, 0x0000000774cd0000)
 concurrent mark-sweep generation total 496052K, used 274356K [0x0000000784cc0000, 0x00000007a312d000, 0x00000007c0000000)
 Metaspace       used 200709K, capacity 210342K, committed 210908K, reserved 1232896K
  class space    used 25874K, capacity 27769K, committed 27908K, reserved 1048576K
}
Event: 8678.296 GC heap before
{Heap before GC invocations=507 (full 13):
 par new generation   total 78656K, used 74608K [0x0000000770000000, 0x0000000775550000, 0x0000000784cc0000)
  eden space 69952K, 100% used [0x0000000770000000, 0x0000000774450000, 0x0000000774450000)
  from space 8704K,  53% used [0x0000000774cd0000, 0x000000077515c2f0, 0x0000000775550000)
  to   space 8704K,   0% used [0x0000000774450000, 0x0000000774450000, 0x0000000774cd0000)
 concurrent mark-sweep generation total 496052K, used 274356K [0x0000000784cc0000, 0x00000007a312d000, 0x00000007c0000000)
 Metaspace       used 200709K, capacity 210342K, committed 210908K, reserved 1232896K
  class space    used 25874K, capacity 27769K, committed 27908K, reserved 1048576K
Event: 8678.306 GC heap after
Heap after GC invocations=508 (full 13):
 par new generation   total 78656K, used 4250K [0x0000000770000000, 0x0000000775550000, 0x0000000784cc0000)
  eden space 69952K,   0% used [0x0000000770000000, 0x0000000770000000, 0x0000000774450000)
  from space 8704K,  48% used [0x0000000774450000, 0x0000000774876840, 0x0000000774cd0000)
  to   space 8704K,   0% used [0x0000000774cd0000, 0x0000000774cd0000, 0x0000000775550000)
 concurrent mark-sweep generation total 496052K, used 274356K [0x0000000784cc0000, 0x00000007a312d000, 0x00000007c0000000)
 Metaspace       used 200709K, capacity 210342K, committed 210908K, reserved 1232896K
  class space    used 25874K, capacity 27769K, committed 27908K, reserved 1048576K
}

